<?xml version="1.0" encoding="UTF-8"?>
<!-- Generated by org.testng.reporters.JUnitXMLReporter -->
<testsuite ignored="2" hostname="DESKTOP-3TAUMDF" failures="0" tests="4" name="Test" time="65.094" errors="0" timestamp="2023-05-22T00:21:45 BDT">
  <testcase classname="testCasesPackage.TC001_CreateNewUser" name="registration" time="4.414"/>
  <testcase classname="testCasesPackage.TC001_CreateNewUser" name="registration" time="2.814"/>
  <testcase classname="testCasesPackage.TC002_Login_CreateAccount_TransferMoney" name="login_CreateAccount_TranferMoney" time="28.695"/>
  <testcase classname="testCasesPackage.TC002_Login_CreateAccount_TransferMoney" name="login_CreateAccount_TranferMoney" time="29.045"/>
  <testcase classname="basePackage.DriverSetup" name="@BeforeSuite setup" time="0.0">
    <ignored/>
  </testcase> <!-- @BeforeSuite setup -->
  <testcase classname="basePackage.DriverSetup" name="@AfterSuite tearDown" time="0.0">
    <ignored/>
  </testcase> <!-- @AfterSuite tearDown -->
</testsuite> <!-- Test -->
