<?xml version="1.0" encoding="UTF-8"?>
<testng-results ignored="2" total="6" passed="4" failed="0" skipped="0">
  <reporter-output>
  </reporter-output>
  <suite started-at="2023-05-22T00:20:40 BDT" name="Suite" finished-at="2023-05-22T00:21:45 BDT" duration-ms="65094">
    <groups>
    </groups>
    <test started-at="2023-05-22T00:20:40 BDT" name="Test" finished-at="2023-05-22T00:21:45 BDT" duration-ms="65094">
      <class name="testCasesPackage.TC002_Login_CreateAccount_TransferMoney">
        <test-method signature="login_CreateAccount_TranferMoney(java.lang.String,java.lang.String,java.lang.String,java.lang.String,java.lang.String,java.lang.String)[pri:0, instance:testCasesPackage.TC002_Login_CreateAccount_TransferMoney@5b6ec132]" started-at="2023-05-22T00:20:47 BDT" name="login_CreateAccount_TranferMoney" data-provider="userInfo" finished-at="2023-05-22T00:21:16 BDT" duration-ms="28695" status="PASS">
          <params>
            <param index="0">
              <value>
                <![CDATA[MahirAfsar113]]>
              </value>
            </param>
            <param index="1">
              <value>
                <![CDATA[afsar@123]]>
              </value>
            </param>
            <param index="2">
              <value>
                <![CDATA[0]]>
              </value>
            </param>
            <param index="3">
              <value>
                <![CDATA[1]]>
              </value>
            </param>
            <param index="4">
              <value>
                <![CDATA[50]]>
              </value>
            </param>
            <param index="5">
              <value>
                <![CDATA[01010101010101]]>
              </value>
            </param>
          </params>
          <reporter-output>
          </reporter-output>
        </test-method> <!-- login_CreateAccount_TranferMoney -->
        <test-method signature="login_CreateAccount_TranferMoney(java.lang.String,java.lang.String,java.lang.String,java.lang.String,java.lang.String,java.lang.String)[pri:0, instance:testCasesPackage.TC002_Login_CreateAccount_TransferMoney@5b6ec132]" started-at="2023-05-22T00:21:16 BDT" name="login_CreateAccount_TranferMoney" data-provider="userInfo" finished-at="2023-05-22T00:21:45 BDT" duration-ms="29045" status="PASS">
          <params>
            <param index="0">
              <value>
                <![CDATA[MahirAfsar114]]>
              </value>
            </param>
            <param index="1">
              <value>
                <![CDATA[afsar@123]]>
              </value>
            </param>
            <param index="2">
              <value>
                <![CDATA[0]]>
              </value>
            </param>
            <param index="3">
              <value>
                <![CDATA[1]]>
              </value>
            </param>
            <param index="4">
              <value>
                <![CDATA[50]]>
              </value>
            </param>
            <param index="5">
              <value>
                <![CDATA[0101010101010]]>
              </value>
            </param>
          </params>
          <reporter-output>
          </reporter-output>
        </test-method> <!-- login_CreateAccount_TranferMoney -->
      </class> <!-- testCasesPackage.TC002_Login_CreateAccount_TransferMoney -->
      <class name="testCasesPackage.TC001_CreateNewUser">
        <test-method is-config="true" signature="setup()[pri:0, instance:testCasesPackage.TC001_CreateNewUser@56673b2c]" started-at="2023-05-22T00:20:31 BDT" name="setup" finished-at="2023-05-22T00:20:40 BDT" duration-ms="9359" status="PASS">
          <reporter-output>
          </reporter-output>
        </test-method> <!-- setup -->
        <test-method signature="registration(java.lang.String,java.lang.String,java.lang.String,java.lang.String,java.lang.String,java.lang.String,java.lang.String,java.lang.String,java.lang.String,java.lang.String,java.lang.String)[pri:0, instance:testCasesPackage.TC001_CreateNewUser@56673b2c]" started-at="2023-05-22T00:20:40 BDT" name="registration" data-provider="registrationData" finished-at="2023-05-22T00:20:44 BDT" duration-ms="4414" status="PASS">
          <params>
            <param index="0">
              <value>
                <![CDATA[Mahir]]>
              </value>
            </param>
            <param index="1">
              <value>
                <![CDATA[Afsar]]>
              </value>
            </param>
            <param index="2">
              <value>
                <![CDATA[Mirpur]]>
              </value>
            </param>
            <param index="3">
              <value>
                <![CDATA[Dhaka]]>
              </value>
            </param>
            <param index="4">
              <value>
                <![CDATA[Mirpur-2]]>
              </value>
            </param>
            <param index="5">
              <value>
                <![CDATA[1216]]>
              </value>
            </param>
            <param index="6">
              <value>
                <![CDATA[01202309325]]>
              </value>
            </param>
            <param index="7">
              <value>
                <![CDATA[123456789]]>
              </value>
            </param>
            <param index="8">
              <value>
                <![CDATA[MahirAfsar113]]>
              </value>
            </param>
            <param index="9">
              <value>
                <![CDATA[afsar@123]]>
              </value>
            </param>
            <param index="10">
              <value>
                <![CDATA[afsar@123]]>
              </value>
            </param>
          </params>
          <reporter-output>
          </reporter-output>
        </test-method> <!-- registration -->
        <test-method signature="registration(java.lang.String,java.lang.String,java.lang.String,java.lang.String,java.lang.String,java.lang.String,java.lang.String,java.lang.String,java.lang.String,java.lang.String,java.lang.String)[pri:0, instance:testCasesPackage.TC001_CreateNewUser@56673b2c]" started-at="2023-05-22T00:20:44 BDT" name="registration" data-provider="registrationData" finished-at="2023-05-22T00:20:47 BDT" duration-ms="2814" status="PASS">
          <params>
            <param index="0">
              <value>
                <![CDATA[Afsar]]>
              </value>
            </param>
            <param index="1">
              <value>
                <![CDATA[mahir]]>
              </value>
            </param>
            <param index="2">
              <value>
                <![CDATA[Mirpur]]>
              </value>
            </param>
            <param index="3">
              <value>
                <![CDATA[Dhaka]]>
              </value>
            </param>
            <param index="4">
              <value>
                <![CDATA[Mirpur-2]]>
              </value>
            </param>
            <param index="5">
              <value>
                <![CDATA[1216]]>
              </value>
            </param>
            <param index="6">
              <value>
                <![CDATA[01102309325]]>
              </value>
            </param>
            <param index="7">
              <value>
                <![CDATA[123456789]]>
              </value>
            </param>
            <param index="8">
              <value>
                <![CDATA[MahirAfsar114]]>
              </value>
            </param>
            <param index="9">
              <value>
                <![CDATA[afsar@123]]>
              </value>
            </param>
            <param index="10">
              <value>
                <![CDATA[afsar@123]]>
              </value>
            </param>
          </params>
          <reporter-output>
          </reporter-output>
        </test-method> <!-- registration -->
        <test-method is-config="true" signature="tearDown()[pri:0, instance:testCasesPackage.TC001_CreateNewUser@56673b2c]" started-at="2023-05-22T00:21:45 BDT" name="tearDown" finished-at="2023-05-22T00:21:45 BDT" duration-ms="225" status="PASS">
          <reporter-output>
          </reporter-output>
        </test-method> <!-- tearDown -->
      </class> <!-- testCasesPackage.TC001_CreateNewUser -->
    </test> <!-- Test -->
  </suite> <!-- Suite -->
</testng-results>
